c:\users\maikel\documents\github\psi\game\game\debug\vc120.pdb
c:\users\maikel\documents\github\psi\game\game\debug\vc120.idb
c:\users\maikel\documents\github\psi\game\game\debug\main.obj
c:\users\maikel\documents\github\psi\game\game\debug\level.obj
c:\users\maikel\documents\github\psi\game\game\debug\game.tlog\cl.command.1.tlog
c:\users\maikel\documents\github\psi\game\game\debug\game.tlog\cl.read.1.tlog
c:\users\maikel\documents\github\psi\game\game\debug\game.tlog\cl.write.1.tlog
c:\users\maikel\documents\github\psi\game\game\debug\game.tlog\link-cvtres.read.1.tlog
c:\users\maikel\documents\github\psi\game\game\debug\game.tlog\link-cvtres.write.1.tlog
c:\users\maikel\documents\github\psi\game\game\debug\game.tlog\link-rc.read.1.tlog
c:\users\maikel\documents\github\psi\game\game\debug\game.tlog\link-rc.write.1.tlog
c:\users\maikel\documents\github\psi\game\game\debug\game.tlog\link.11884-cvtres.read.1.tlog
c:\users\maikel\documents\github\psi\game\game\debug\game.tlog\link.11884-cvtres.write.1.tlog
c:\users\maikel\documents\github\psi\game\game\debug\game.tlog\link.11884-rc.read.1.tlog
c:\users\maikel\documents\github\psi\game\game\debug\game.tlog\link.11884-rc.write.1.tlog
c:\users\maikel\documents\github\psi\game\game\debug\game.tlog\link.11884.read.1.tlog
c:\users\maikel\documents\github\psi\game\game\debug\game.tlog\link.11884.write.1.tlog
c:\users\maikel\documents\github\psi\game\game\debug\game.tlog\link.command.1.tlog
c:\users\maikel\documents\github\psi\game\game\debug\game.tlog\link.read.1.tlog
c:\users\maikel\documents\github\psi\game\game\debug\game.tlog\link.write.1.tlog
