Build started 3/31/2015 2:42:10 PM.
     1>Project "C:\Users\Maikel\Documents\GitHub\PSI\GAME\Game\Game.vcxproj" on node 2 (Build target(s)).
     1>ClCompile:
         C:\Program Files (x86)\Microsoft Visual Studio 12.0\VC\bin\CL.exe /c /I..\include /ZI /nologo /W3 /WX- /sdl /Od /Oy- /D _MBCS /Gm /EHsc /RTC1 /MTd /GS /fp:precise /Zc:wchar_t /Zc:forScope /Fo"Debug\\" /Fd"Debug\vc120.pdb" /Gd /TP /analyze- /errorReport:prompt BulletHelper.cpp
         BulletHelper.cpp
     1>c:\users\maikel\documents\github\psi\game\game\bullethelper.cpp(92): warning C4305: 'argument' : truncation from 'double' to 'btScalar'
     1>c:\users\maikel\documents\github\psi\game\game\bullethelper.cpp(93): warning C4305: 'argument' : truncation from 'double' to 'btScalar'
     1>c:\users\maikel\documents\github\psi\game\game\bullethelper.cpp(111): warning C4244: 'argument' : conversion from 'double' to 'const btScalar', possible loss of data
     1>c:\users\maikel\documents\github\psi\game\game\bullethelper.cpp(142): warning C4244: 'initializing' : conversion from 'double' to 'btScalar', possible loss of data
     1>c:\users\maikel\documents\github\psi\game\game\bullethelper.cpp(143): warning C4244: 'initializing' : conversion from 'double' to 'btScalar', possible loss of data
     1>c:\users\maikel\documents\github\psi\game\game\bullethelper.cpp(202): warning C4244: 'argument' : conversion from 'double' to 'const btScalar', possible loss of data
     1>c:\users\maikel\documents\github\psi\game\game\bullethelper.cpp(255): warning C4244: 'argument' : conversion from 'double' to 'const btScalar', possible loss of data
     1>c:\users\maikel\documents\github\psi\game\game\bullethelper.cpp(289): warning C4305: 'argument' : truncation from 'double' to 'btScalar'
     1>c:\users\maikel\documents\github\psi\game\game\bullethelper.cpp(290): warning C4305: 'argument' : truncation from 'double' to 'btScalar'
     1>c:\users\maikel\documents\github\psi\game\game\bullethelper.cpp(296): warning C4305: 'argument' : truncation from 'double' to 'btScalar'
     1>c:\users\maikel\documents\github\psi\game\game\bullethelper.cpp(297): warning C4305: 'argument' : truncation from 'double' to 'btScalar'
     1>c:\users\maikel\documents\github\psi\game\game\bullethelper.cpp(303): warning C4305: 'argument' : truncation from 'double' to 'btScalar'
     1>c:\users\maikel\documents\github\psi\game\game\bullethelper.cpp(304): warning C4305: 'argument' : truncation from 'double' to 'btScalar'
     1>c:\users\maikel\documents\github\psi\game\game\bullethelper.cpp(310): warning C4305: 'argument' : truncation from 'double' to 'btScalar'
     1>c:\users\maikel\documents\github\psi\game\game\bullethelper.cpp(311): warning C4305: 'argument' : truncation from 'double' to 'btScalar'
       Link:
         C:\Program Files (x86)\Microsoft Visual Studio 12.0\VC\bin\link.exe /ERRORREPORT:PROMPT /OUT:"..\bin\Game.exe" /INCREMENTAL /NOLOGO /LIBPATH:..\lib irrlicht.lib BulletCollision.lib BulletDynamics.lib LinearMath.lib irrKlang.lib kernel32.lib user32.lib gdi32.lib winspool.lib comdlg32.lib advapi32.lib shell32.lib ole32.lib oleaut32.lib uuid.lib odbc32.lib odbccp32.lib /MANIFEST /MANIFESTUAC:"level='asInvoker' uiAccess='false'" /manifest:embed /DEBUG /PDB:"..\bin\Game.pdb" /TLBID:1 /DYNAMICBASE /NXCOMPAT /IMPLIB:"..\bin\Game.lib" /MACHINE:X86 Debug\BulletHelper.obj
         Debug\Common.obj
         Debug\GameWorld.obj
         Debug\Enemy.obj
         Debug\Level.obj
         Debug\Main.obj
         Debug\ParticleSettings.obj
         Debug\ParticleManager.obj
         Debug\Player.obj
         Debug\Projectile.obj
         Game.vcxproj -> C:\Users\Maikel\Documents\GitHub\PSI\GAME\Game\..\bin\Game.exe
     1>Done Building Project "C:\Users\Maikel\Documents\GitHub\PSI\GAME\Game\Game.vcxproj" (Build target(s)).

Build succeeded.

Time Elapsed 00:00:01.74
